<?xml version="1.0" encoding="UTF-8"?>
<!-- Generated by org.testng.reporters.JUnitReportReporter -->
<testsuite hostname="DESKTOP-JKII5H6" failures="0" tests="1" name="Runners.Run" time="7.730" errors="0" timestamp="2025-04-07T23:42:10 IST" skipped="0">
  <testcase classname="Runners.Run" name="runScenario" time="7.730"/>
  <system-out/>
</testsuite> <!-- Runners.Run -->
